Algorithm: initialization2 + assigment2 + update2
CLUSTER-1{ size: 92, centroid: [67.4285,51.0378,51.6684,54.2711,24.4846,77.1973,28.1538,75.865,63.3499,78.1993,20.2662,6.35906,17.9025,83.7916,37.8641,13.1794,90.7769,90.6902,22.2725,80.6361,77.7334,83.0097,81.3275,10.4338,85.7137,54.7614,51.9648,88.4654,79.5683,94.0916,41.9362,48.0461,19.5554,38.4204,55.9605,3.55736,49.9835,56.3844,22.1525,3.97183,13.9651,11.4973,89.8048,40.3027,6.20344,22.9087,86.029,79.6383,76.3629,73.2673,94.7865,45.2362,94.3732,40.2718,22.1785,47.1472,29.6003,13.361,57.3208,4.00402,41.055,47.9176,6.05635,87.2388,38.2984,87.383,49.7784,82.7638,0.452103,17.0372,29.9788,14.0298,18.2214,54.9884,81.3797,52.7382,82.0766,86.7107,35.1787,16.9471,39.9279,71.6439,61.6812,91.6832,69.5301,7.63908,31.8827,18.8385,81.88,17.6084,21.5945,12.8451,46.011,42.146,10.7244,9.36344,83.0787,97.7776,26.183,3.23767,] }
CLUSTER-2{ size: 104, centroid: [91.6978,11.5226,84.7008,26.3262,41.2635,28.0163,21.1132,3.69472,53.2115,51.3994,25.5815,88.7216,72.8694,79.8958,41.5208,29.9836,48.5882,45.9166,32.9466,91.8729,10.4258,46.8806,72.4871,77.9029,3.66387,84.8296,96.1382,5.5058,54.9633,67.2834,88.2685,74.1678,45.9566,62.8548,99.4013,68.476,97.5861,27.9524,16.0285,68.2459,57.7783,20.9344,86.434,38.461,91.8445,68.8183,31.9255,44.0382,30.6542,82.561,87.3144,30.7525,30.3603,11.2421,55.8343,1.48306,18.086,11.1638,6.91564,72.828,5.94751,67.3849,40.3555,57.1697,48.6648,26.7429,82.061,20.0555,63.9747,42.5093,14.3127,59.6824,15.4937,71.749,9.01753,5.20817,28.6771,45.8646,64.8483,57.1103,45.5232,32.7083,26.0745,97.8053,29.9161,50.4139,20.3199,7.63441,40.9019,30.0764,39.2196,93.9478,71.6515,13.5238,81.3774,79.7788,50.7334,14.8902,50.102,88.1501,] }
CLUSTER-3{ size: 173, centroid: [52.9021,62.5331,51.5133,46.898,69.4611,73.6246,22.034,49.5499,57.1931,12.7077,80.7863,45.9927,34.9347,87.9179,58.8973,55.0963,54.4012,45.0256,38.9507,12.9183,77.0144,77.4443,59.7654,62.048,61.0461,7.73107,90.8548,33.0447,42.5899,45.4854,53.1928,59.0755,35.8788,36.3661,97.6959,35.455,55.9085,70.5505,38.481,56.5191,40.7621,28.8321,82.985,51.9065,11.6842,37.9527,29.9102,33.4558,50.9081,24.7014,11.2671,67.5289,40.0698,68.0498,31.2868,27.8042,53.2953,31.9033,28.8465,24.3557,13.0211,44.5459,62.3085,40.9955,52.3358,62.9069,79.1341,23.7797,50.7605,73.008,53.2923,41.7815,75.3072,81.6012,46.0325,49.2726,76.7091,86.7141,65.363,38.7751,60.8096,6.70271,70.8467,62.8303,45.7607,31.514,84.9912,62.9597,45.3329,20.8598,65.0572,81.4259,50.9585,40.8291,23.4633,46.1742,77.6931,52.3337,66.7351,73.4453,] }
CLUSTER-4{ size: 87, centroid: [9.27397,97.0841,67.5681,75.9315,9.23432,64.0899,72.814,13.3078,72.4894,65.6139,68.1251,55.3931,18.5022,62.5334,96.5657,2.79078,40.0778,76.1417,65.1278,49.4257,35.8354,47.4849,85.3762,56.0921,85.9257,59.2358,83.6112,5.57354,73.3865,49.2842,60.1555,36.0574,82.4592,7.80124,78.6861,14.0113,93.3459,69.5293,1.15561,48.4293,54.4432,42.0333,56.8172,79.9339,49.3017,17.2132,51.4335,37.9834,16.8019,69.2931,18.4826,21.9749,94.2547,42.8541,41.2529,45.3766,58.1766,73.7276,15.834,11.5469,83.6628,6.00864,12.5749,63.7813,87.3443,60.1548,10.9477,13.4078,68.0858,35.0559,54.2989,33.2297,9.99414,80.3462,83.5002,0.762467,61.0848,51.5638,63.8714,31.1036,31.0304,56.4936,14.5845,61.0724,51.7135,87.1973,11.5695,57.4249,37.2982,22.6467,24.3804,91.588,62.5667,54.4959,35.8501,40.6852,60.1764,27.3079,7.54374,11.7919,] }
clustering_time: 0
Silhouette: [ 0.90561, 0.739311, 0.463509, 0.907827, ]


Algorithm: initialization2 + assigment2 + update1
CLUSTER-1{ size: 104, centroid: 393 }
CLUSTER-2{ size: 95, centroid: 270 }
CLUSTER-3{ size: 166, centroid: 4 }
CLUSTER-4{ size: 91, centroid: 101 }
clustering_time: 0
Silhouette: [ 0.690219, 0.908425, 0.445727, 0.911851, ]


Algorithm: initialization2 + assigment1 + update2
CLUSTER-1{ size: 94, centroid: [66.1838,51.9819,51.9741,54.7546,24.1371,76.9184,29.086,74.5423,63.5764,77.9892,21.2935,7.35811,17.8874,83.3345,39.1057,12.9691,89.6736,90.417,23.1871,79.9757,76.9114,82.2862,81.4187,11.3402,85.701,54.8489,52.7433,86.6946,79.4771,93.1419,42.4276,47.9163,20.9184,37.7575,56.4377,3.77346,50.911,56.6521,21.6781,4.92335,14.8013,12.1468,89.137,41.0937,7.15147,22.8088,85.2893,78.7155,75.1127,73.1912,93.145,44.6273,94.3188,40.3793,22.5797,47.0275,30.2067,14.666,56.452,4.17498,41.9905,46.8659,6.19328,86.785,39.3299,86.7565,48.9504,81.1873,1.93776,17.4252,30.4481,14.4252,18.0548,55.5136,81.444,51.6428,81.6314,85.9802,35.7533,17.2564,39.7951,71.2943,60.7266,91.0258,69.1453,9.29898,31.4132,19.7274,81.0097,17.7516,21.6012,14.5502,46.4238,42.3958,11.2394,10.0173,82.5803,96.2997,25.8059,3.33783,] }
CLUSTER-2{ size: 95, centroid: [96.3845,4.78667,88.2687,25.2819,36.6702,23.9966,20.2215,0.0142909,52.4134,55.9888,20.9854,89.0726,79.184,79.1606,37.9898,26.6746,46.3564,44.7856,31.4973,98.948,4.00673,44.785,72.9915,80.109,1.79423,92.038,95.9483,0.565071,59.9055,70.685,93.6471,73.4109,46.1076,61.6062,99.2154,73.8175,99.6816,25.726,10.3374,72.28,56.7028,21.4372,86.3341,35.5207,99.4295,74.599,32.408,42.2992,27.9103,86.5274,94.1343,26.797,33.2041,2.92851,58.8198,0.401339,15.5701,11.2765,6.72517,77.1682,4.45894,68.6262,35.7759,55.6383,50.1212,22.1403,82.8375,17.7697,61.0616,41.6234,10.7167,61.9718,9.23815,70.4694,0.800825,4.94652,25.4039,41.9344,63.5889,59.6033,41.0795,35.85,20.1975,98.8308,27.9085,50.7476,15.6504,0.0134495,43.2699,28.8076,39.6047,96.6086,73.0012,13.2928,88.3518,86.5258,47.5604,9.13316,47.1263,90.3476,] }
CLUSTER-3{ size: 176, centroid: [36.5937,70.5513,61.9902,64.3055,31.3421,70.5255,42.5697,35.4249,62.4517,42.6233,78.258,32.6027,40.2689,75.7429,68.2651,25.1493,39.1876,54.1517,47.1525,28.4446,56.3981,66.2489,68.4421,62.5995,90.1731,32.626,83.8941,8.38594,76.1363,53.6452,66.2537,37.0809,55.6414,4.19275,87.8284,35.9818,64.6512,77.7333,3.14199,67.2605,34.1126,41.7098,68.8547,57.572,29.5434,42.162,41.988,22.7264,30.2058,39.2147,12.367,42.8611,84.8128,41.8303,39.237,43.3076,59.5225,61.7271,29.6336,17.3622,43.1316,22.2519,25.0249,37.5686,77.8396,55.7101,48.7185,8.68976,39.192,64.0005,54.3867,40.8427,39.5975,78.5439,41.2254,45.2534,75.438,69.8325,58.9944,38.3182,32.5412,33.5308,36.0151,50.9271,45.7393,51.4041,56.2135,48.2902,54.9971,11.5768,59.4572,93.244,54.0203,59.1602,36.5764,61.4852,66.7668,29.4933,31.0021,47.6474,] }
CLUSTER-4{ size: 91, centroid: [42.6439,81.3222,45.8377,39.3822,88.9601,70.3982,30.607,42.3144,61.7166,3.24264,73.1789,84.5755,6.45735,87.7334,77.9394,65.1187,72.2268,57.6709,48.4552,17.4085,78.4674,70.2445,67.6326,54.7502,24.2461,7.79927,98.1634,57.5183,2.49754,31.8531,32.1827,82.2675,41.9795,75.8451,99.3933,12.1022,75.8979,53.8284,75.7138,25.1306,69.2333,14.9507,86.2816,68.9221,12.2582,7.43551,26.3543,61.3362,59.934,39.8563,16.2996,73.2973,0.270517,98.2318,24.5354,12.8443,44.957,11.0987,13.1853,26.1694,21.5939,52.796,90.5744,72.0582,33.8389,75.5323,73.7501,45.3986,93.6177,52.8831,52.0646,35.0032,83.9715,86.7182,95.2242,7.63882,63.2385,86.5766,77.5879,31.6956,90.7356,0.643782,87.3189,86.6047,51.8969,46.6119,70.5856,88.5758,16.1455,42.6817,34.99,66.491,56.4546,15.6952,8.13895,7.72745,83.1214,75.4174,81.9977,64.9964,] }
clustering_time: 0
Silhouette: [ 0.878591, 0.908242, 0.466149, 0.912203, ]


Algorithm: initialization2 + assigment1 + update1
CLUSTER-1{ size: 95, centroid: 270 }
CLUSTER-2{ size: 91, centroid: 101 }
CLUSTER-3{ size: 93, centroid: 339 }
CLUSTER-4{ size: 177, centroid: 4 }
clustering_time: 0
Silhouette: [ 0.908392, 0.911895, 0.901748, 0.468065, ]


Algorithm: initialization1 + assigment2 + update2
CLUSTER-1{ size: 176, centroid: [36.5937,70.5513,61.9902,64.3055,31.3421,70.5255,42.5697,35.4249,62.4517,42.6233,78.258,32.6027,40.2689,75.7429,68.2651,25.1493,39.1876,54.1517,47.1525,28.4446,56.3981,66.2489,68.4421,62.5995,90.1731,32.626,83.8941,8.38594,76.1363,53.6452,66.2537,37.0809,55.6414,4.19275,87.8284,35.9818,64.6512,77.7333,3.14199,67.2605,34.1126,41.7098,68.8547,57.572,29.5434,42.162,41.988,22.7264,30.2058,39.2147,12.367,42.8611,84.8128,41.8303,39.237,43.3076,59.5225,61.7271,29.6336,17.3622,43.1316,22.2519,25.0249,37.5686,77.8396,55.7101,48.7185,8.68976,39.192,64.0005,54.3867,40.8427,39.5975,78.5439,41.2254,45.2534,75.438,69.8325,58.9944,38.3182,32.5412,33.5308,36.0151,50.9271,45.7393,51.4041,56.2135,48.2902,54.9971,11.5768,59.4572,93.244,54.0203,59.1602,36.5764,61.4852,66.7668,29.4933,31.0021,47.6474,] }
CLUSTER-2{ size: 95, centroid: [96.3845,4.78667,88.2687,25.2819,36.6702,23.9966,20.2215,0.0142909,52.4134,55.9888,20.9854,89.0726,79.184,79.1606,37.9898,26.6746,46.3564,44.7856,31.4973,98.948,4.00673,44.785,72.9915,80.109,1.79423,92.038,95.9483,0.565071,59.9055,70.685,93.6471,73.4109,46.1076,61.6062,99.2154,73.8175,99.6816,25.726,10.3374,72.28,56.7028,21.4372,86.3341,35.5207,99.4295,74.599,32.408,42.2992,27.9103,86.5274,94.1343,26.797,33.2041,2.92851,58.8198,0.401339,15.5701,11.2765,6.72517,77.1682,4.45894,68.6262,35.7759,55.6383,50.1212,22.1403,82.8375,17.7697,61.0616,41.6234,10.7167,61.9718,9.23815,70.4694,0.800825,4.94652,25.4039,41.9344,63.5889,59.6033,41.0795,35.85,20.1975,98.8308,27.9085,50.7476,15.6504,0.0134495,43.2699,28.8076,39.6047,96.6086,73.0012,13.2928,88.3518,86.5258,47.5604,9.13316,47.1263,90.3476,] }
CLUSTER-3{ size: 94, centroid: [66.1838,51.9819,51.9741,54.7546,24.1371,76.9184,29.086,74.5423,63.5764,77.9892,21.2935,7.35811,17.8874,83.3345,39.1057,12.9691,89.6736,90.417,23.1871,79.9757,76.9114,82.2862,81.4187,11.3402,85.701,54.8489,52.7433,86.6946,79.4771,93.1419,42.4276,47.9163,20.9184,37.7575,56.4377,3.77346,50.911,56.6521,21.6781,4.92335,14.8013,12.1468,89.137,41.0937,7.15147,22.8088,85.2893,78.7155,75.1127,73.1912,93.145,44.6273,94.3188,40.3793,22.5797,47.0275,30.2067,14.666,56.452,4.17498,41.9905,46.8659,6.19328,86.785,39.3299,86.7565,48.9504,81.1873,1.93776,17.4252,30.4481,14.4252,18.0548,55.5136,81.444,51.6428,81.6314,85.9802,35.7533,17.2564,39.7951,71.2943,60.7266,91.0258,69.1453,9.29898,31.4132,19.7274,81.0097,17.7516,21.6012,14.5502,46.4238,42.3958,11.2394,10.0173,82.5803,96.2997,25.8059,3.33783,] }
CLUSTER-4{ size: 91, centroid: [42.6439,81.3222,45.8377,39.3822,88.9601,70.3982,30.607,42.3144,61.7166,3.24264,73.1789,84.5755,6.45735,87.7334,77.9394,65.1187,72.2268,57.6709,48.4552,17.4085,78.4674,70.2445,67.6326,54.7502,24.2461,7.79927,98.1634,57.5183,2.49754,31.8531,32.1827,82.2675,41.9795,75.8451,99.3933,12.1022,75.8979,53.8284,75.7138,25.1306,69.2333,14.9507,86.2816,68.9221,12.2582,7.43551,26.3543,61.3362,59.934,39.8563,16.2996,73.2973,0.270517,98.2318,24.5354,12.8443,44.957,11.0987,13.1853,26.1694,21.5939,52.796,90.5744,72.0582,33.8389,75.5323,73.7501,45.3986,93.6177,52.8831,52.0646,35.0032,83.9715,86.7182,95.2242,7.63882,63.2385,86.5766,77.5879,31.6956,90.7356,0.643782,87.3189,86.6047,51.8969,46.6119,70.5856,88.5758,16.1455,42.6817,34.99,66.491,56.4546,15.6952,8.13895,7.72745,83.1214,75.4174,81.9977,64.9964,] }
clustering_time: 0
Silhouette: [ 0.465946, 0.908242, 0.878591, 0.912321, ]


Algorithm: initialization1 + assigment2 + update1
CLUSTER-1{ size: 182, centroid: 15 }
CLUSTER-2{ size: 95, centroid: 270 }
CLUSTER-3{ size: 87, centroid: 482 }
CLUSTER-4{ size: 92, centroid: 339 }
clustering_time: 0
Silhouette: [ 0.459465, 0.908825, 0.907547, 0.90121, ]


Algorithm: initialization1 + assigment1 + update2
CLUSTER-1{ size: 87, centroid: [9.27397,97.0841,67.5681,75.9315,9.23432,64.0899,72.814,13.3078,72.4894,65.6139,68.1251,55.3931,18.5022,62.5334,96.5657,2.79078,40.0778,76.1417,65.1278,49.4257,35.8354,47.4849,85.3762,56.0921,85.9257,59.2358,83.6112,5.57354,73.3865,49.2842,60.1555,36.0574,82.4592,7.80124,78.6861,14.0113,93.3459,69.5293,1.15561,48.4293,54.4432,42.0333,56.8172,79.9339,49.3017,17.2132,51.4335,37.9834,16.8019,69.2931,18.4826,21.9749,94.2547,42.8541,41.2529,45.3766,58.1766,73.7276,15.834,11.5469,83.6628,6.00864,12.5749,63.7813,87.3443,60.1548,10.9477,13.4078,68.0858,35.0559,54.2989,33.2297,9.99414,80.3462,83.5002,0.762467,61.0848,51.5638,63.8714,31.1036,31.0304,56.4936,14.5845,61.0724,51.7135,87.1973,11.5695,57.4249,37.2982,22.6467,24.3804,91.588,62.5667,54.4959,35.8501,40.6852,60.1764,27.3079,7.54374,11.7919,] }
CLUSTER-2{ size: 92, centroid: [67.4285,51.0378,51.6684,54.2711,24.4846,77.1973,28.1538,75.865,63.3499,78.1993,20.2662,6.35906,17.9025,83.7916,37.8641,13.1794,90.7769,90.6902,22.2725,80.6361,77.7334,83.0097,81.3275,10.4338,85.7137,54.7614,51.9648,88.4654,79.5683,94.0916,41.9362,48.0461,19.5554,38.4204,55.9605,3.55736,49.9835,56.3844,22.1525,3.97183,13.9651,11.4973,89.8048,40.3027,6.20344,22.9087,86.029,79.6383,76.3629,73.2673,94.7865,45.2362,94.3732,40.2718,22.1785,47.1472,29.6003,13.361,57.3208,4.00402,41.055,47.9176,6.05635,87.2388,38.2984,87.383,49.7784,82.7638,0.452103,17.0372,29.9788,14.0298,18.2214,54.9884,81.3797,52.7382,82.0766,86.7107,35.1787,16.9471,39.9279,71.6439,61.6812,91.6832,69.5301,7.63908,31.8827,18.8385,81.88,17.6084,21.5945,12.8451,46.011,42.146,10.7244,9.36344,83.0787,97.7776,26.183,3.23767,] }
CLUSTER-3{ size: 186, centroid: [79.6131,24.8186,72.8465,39.0726,44.1549,49.7017,17.3249,27.4504,52.7537,38.9725,53.641,51.0076,70.078,83.5226,39.8651,36.1514,42.4299,39.3372,30.9435,54.8681,39.0712,63.8774,63.0296,74.4835,46.9657,50.8065,90.2332,5.67301,69.1234,64.3431,83.0841,56.1676,38.5289,31.862,97.819,65.3436,69.4324,54.9135,7.71085,78.4327,36.3471,31.2076,83.3006,36.0638,56.2242,70.1413,32.7767,25.7325,35.1674,49.6386,51.326,44.1435,54.1125,21.5198,48.3154,20.4061,37.6879,30.4856,24.2463,50.5712,4.87174,53.2798,36.2047,34.8418,59.3327,36.5092,83.4047,11.1204,37.1813,65.801,32.0979,55.1069,37.624,73.5889,1.26901,45.0037,56.4429,63.9408,59.0942,52.4907,37.6211,24.2078,37.7538,70.7546,33.8992,34.6951,55.8788,19.4925,57.1352,15.3369,65.3207,95.7342,59.8399,37.8583,63.3428,83.7738,59.9631,20.1039,49.9677,85.8009,] }
CLUSTER-4{ size: 91, centroid: [42.6439,81.3222,45.8377,39.3822,88.9601,70.3982,30.607,42.3144,61.7166,3.24264,73.1789,84.5755,6.45735,87.7334,77.9394,65.1187,72.2268,57.6709,48.4552,17.4085,78.4674,70.2445,67.6326,54.7502,24.2461,7.79927,98.1634,57.5183,2.49754,31.8531,32.1827,82.2675,41.9795,75.8451,99.3933,12.1022,75.8979,53.8284,75.7138,25.1306,69.2333,14.9507,86.2816,68.9221,12.2582,7.43551,26.3543,61.3362,59.934,39.8563,16.2996,73.2973,0.270517,98.2318,24.5354,12.8443,44.957,11.0987,13.1853,26.1694,21.5939,52.796,90.5744,72.0582,33.8389,75.5323,73.7501,45.3986,93.6177,52.8831,52.0646,35.0032,83.9715,86.7182,95.2242,7.63882,63.2385,86.5766,77.5879,31.6956,90.7356,0.643782,87.3189,86.6047,51.8969,46.6119,70.5856,88.5758,16.1455,42.6817,34.99,66.491,56.4546,15.6952,8.13895,7.72745,83.1214,75.4174,81.9977,64.9964,] }
clustering_time: 0
Silhouette: [ 0.907834, 0.901234, 0.43837, 0.917353, ]


Algorithm: initialization1 + assigment1 + update1
CLUSTER-1{ size: 237, centroid: 15 }
CLUSTER-2{ size: 59, centroid: 261 }
CLUSTER-3{ size: 124, centroid: 393 }
CLUSTER-4{ size: 36, centroid: 270 }
clustering_time: 0
Silhouette: [ 0.275153, 0.0284971, 0.533373, 0.0767323, ]


